<?xml version="1.0" encoding="UTF-8"?>
<testsuite xmlns:xsi="http://www.w3.org/2001/XMLSchema-instance" xsi:noNamespaceSchemaLocation="https://maven.apache.org/surefire/maven-surefire-plugin/xsd/surefire-test-report-3.0.xsd" version="3.0" name="com.example.StudentManagement.StudentManagementApplicationTests" time="7.504" tests="1" errors="0" skipped="0" failures="0">
  <properties>
[...]
</properties>
  <testcase name="contextLoads" classname="com.example.StudentManagement.StudentManagementApplicationTests" time="0.733">
    <system-out><![CDATA[12:51:03.993 [main] INFO org.springframework.test.context.support.AnnotationConfigContextLoaderUtils -- Could not detect default configuration classes for test class [com.example.StudentManagement.StudentManagementApplicationTests]: StudentManagementApplicationTests does not declare any static, non-private, non-final, nested classes annotated with @Configuration.
12:51:04.172 [main] INFO org.springframework.boot.test.context.SpringBootTestContextBootstrapper -- Found @SpringBootConfiguration com.example.StudentManagement.StudentManagementApplication for test class com.example.StudentManagement.StudentManagementApplicationTests
12:51:04.445 [main] INFO org.springframework.boot.devtools.restart.RestartApplicationListener -- Restart disabled due to context in which it is running

  .   ____          _            __ _ _
 /\\ / ___'_ __ _ _(_)_ __  __ _ \ \ \ \
( ( )\___ | '_ | '_| | '_ \/ _` | \ \ \ \
 \\/  ___)| |_)| | | | | || (_| |  ) ) ) )
  '  |____| .__|_| |_|_| |_\__, | / / / /
 =========|_|==============|___/=/_/_/_/
 :: Spring Boot ::                (v3.2.4)

2024-04-17T12:51:04.850+05:30  INFO 3284 --- [StudentManagement] [           main] c.e.S.StudentManagementApplicationTests  : Starting StudentManagementApplicationTests using Java 21.0.2 with PID 3284 (started by rvank in C:\Users\rvank\Desktop\StudentManagement\Backend\StudentManagement\StudentManagement)
2024-04-17T12:51:04.851+05:30  INFO 3284 --- [StudentManagement] [           main] c.e.S.StudentManagementApplicationTests  : No active profile set, falling back to 1 default profile: "default"
2024-04-17T12:51:05.922+05:30  INFO 3284 --- [StudentManagement] [           main] .s.d.r.c.RepositoryConfigurationDelegate : Bootstrapping Spring Data JPA repositories in DEFAULT mode.
2024-04-17T12:51:06.007+05:30  INFO 3284 --- [StudentManagement] [           main] .s.d.r.c.RepositoryConfigurationDelegate : Finished Spring Data repository scanning in 67 ms. Found 1 JPA repository interface.
2024-04-17T12:51:06.740+05:30  INFO 3284 --- [StudentManagement] [           main] o.hibernate.jpa.internal.util.LogHelper  : HHH000204: Processing PersistenceUnitInfo [name: default]
2024-04-17T12:51:06.870+05:30  INFO 3284 --- [StudentManagement] [           main] org.hibernate.Version                    : HHH000412: Hibernate ORM core version 6.4.4.Final
2024-04-17T12:51:06.929+05:30  INFO 3284 --- [StudentManagement] [           main] o.h.c.internal.RegionFactoryInitiator    : HHH000026: Second-level cache disabled
2024-04-17T12:51:07.288+05:30  INFO 3284 --- [StudentManagement] [           main] o.s.o.j.p.SpringPersistenceUnitInfo      : No LoadTimeWeaver setup: ignoring JPA class transformer
2024-04-17T12:51:07.344+05:30  INFO 3284 --- [StudentManagement] [           main] com.zaxxer.hikari.HikariDataSource       : HikariPool-1 - Starting...
2024-04-17T12:51:07.923+05:30  INFO 3284 --- [StudentManagement] [           main] com.zaxxer.hikari.pool.HikariPool        : HikariPool-1 - Added connection com.mysql.cj.jdbc.ConnectionImpl@455cbf18
2024-04-17T12:51:07.926+05:30  INFO 3284 --- [StudentManagement] [           main] com.zaxxer.hikari.HikariDataSource       : HikariPool-1 - Start completed.
2024-04-17T12:51:09.066+05:30  INFO 3284 --- [StudentManagement] [           main] o.h.e.t.j.p.i.JtaPlatformInitiator       : HHH000489: No JTA platform available (set 'hibernate.transaction.jta.platform' to enable JTA platform integration)
2024-04-17T12:51:09.161+05:30  INFO 3284 --- [StudentManagement] [           main] j.LocalContainerEntityManagerFactoryBean : Initialized JPA EntityManagerFactory for persistence unit 'default'
2024-04-17T12:51:09.824+05:30  WARN 3284 --- [StudentManagement] [           main] JpaBaseConfiguration$JpaWebConfiguration : spring.jpa.open-in-view is enabled by default. Therefore, database queries may be performed during view rendering. Explicitly configure spring.jpa.open-in-view to disable this warning
2024-04-17T12:51:10.469+05:30  INFO 3284 --- [StudentManagement] [           main] c.e.S.StudentManagementApplicationTests  : Started StudentManagementApplicationTests in 6.046 seconds (process running for 7.57)
]]></system-out>
    <system-err><![CDATA[WARNING: A Java agent has been loaded dynamically (C:\Users\rvank\.m2\repository\net\bytebuddy\byte-buddy-agent\1.14.12\byte-buddy-agent-1.14.12.jar)
WARNING: If a serviceability tool is in use, please run with -XX:+EnableDynamicAgentLoading to hide this warning
WARNING: If a serviceability tool is not in use, please run with -Djdk.instrument.traceUsage for more information
WARNING: Dynamic loading of agents will be disallowed by default in a future release
]]></system-err>
  </testcase>
</testsuite>